0 info it worked if it ends with ok
1 verbose cli [ '/home/ubuntu/.nvm/versions/node/v4.7.3/bin/node',
1 verbose cli   '/home/ubuntu/.nvm/versions/node/v4.7.3/bin/npm',
1 verbose cli   'install',
1 verbose cli   'smtplib' ]
2 info using npm@2.15.11
3 info using node@v4.7.3
4 verbose install initial load of /home/ubuntu/workspace/PokeGames/package.json
5 warn package.json @ No description
6 warn package.json @ No repository field.
7 warn package.json @ No license field.
8 verbose installManyTop reading scoped package data from /home/ubuntu/workspace/PokeGames/node_modules/babel-core/package.json
9 verbose installManyTop reading scoped package data from /home/ubuntu/workspace/PokeGames/node_modules/babel-loader/package.json
10 verbose installManyTop reading scoped package data from /home/ubuntu/workspace/PokeGames/node_modules/babel-preset-es2015/package.json
11 verbose installManyTop reading scoped package data from /home/ubuntu/workspace/PokeGames/node_modules/babel-preset-react/package.json
12 verbose installManyTop reading scoped package data from /home/ubuntu/workspace/PokeGames/node_modules/jquery/package.json
13 verbose installManyTop reading scoped package data from /home/ubuntu/workspace/PokeGames/node_modules/react/package.json
14 verbose installManyTop reading scoped package data from /home/ubuntu/workspace/PokeGames/node_modules/react-cookie/package.json
15 verbose installManyTop reading scoped package data from /home/ubuntu/workspace/PokeGames/node_modules/react-dom/package.json
16 verbose installManyTop reading scoped package data from /home/ubuntu/workspace/PokeGames/node_modules/react-facebook-login/package.json
17 verbose installManyTop reading scoped package data from /home/ubuntu/workspace/PokeGames/node_modules/react-facebook-login-component/package.json
18 verbose installManyTop reading scoped package data from /home/ubuntu/workspace/PokeGames/node_modules/react-google-login/package.json
19 verbose installManyTop reading scoped package data from /home/ubuntu/workspace/PokeGames/node_modules/react-google-login-component/package.json
20 verbose installManyTop reading scoped package data from /home/ubuntu/workspace/PokeGames/node_modules/socket.io-client/package.json
21 verbose installManyTop reading scoped package data from /home/ubuntu/workspace/PokeGames/node_modules/webpack/package.json
22 verbose readDependencies loading dependencies from /home/ubuntu/workspace/PokeGames/package.json
23 silly cache add args [ 'smtplib', null ]
24 verbose cache add spec smtplib
25 silly cache add parsed spec Result {
25 silly cache add   raw: 'smtplib',
25 silly cache add   scope: null,
25 silly cache add   name: 'smtplib',
25 silly cache add   rawSpec: '',
25 silly cache add   spec: 'latest',
25 silly cache add   type: 'tag' }
26 silly addNamed smtplib@latest
27 verbose addNamed "latest" is being treated as a dist-tag for smtplib
28 info addNameTag [ 'smtplib', 'latest' ]
29 silly mapToRegistry name smtplib
30 silly mapToRegistry using default registry
31 silly mapToRegistry registry https://registry.npmjs.org/
32 silly mapToRegistry data Result {
32 silly mapToRegistry   raw: 'smtplib',
32 silly mapToRegistry   scope: null,
32 silly mapToRegistry   name: 'smtplib',
32 silly mapToRegistry   rawSpec: '',
32 silly mapToRegistry   spec: 'latest',
32 silly mapToRegistry   type: 'tag' }
33 silly mapToRegistry uri https://registry.npmjs.org/smtplib
34 verbose addNameTag registry:https://registry.npmjs.org/smtplib not in flight; fetching
35 verbose request uri https://registry.npmjs.org/smtplib
36 verbose request no auth needed
37 info attempt registry request try #1 at 5:48:30 AM
38 verbose request id 51df3b09e2fe1ba5
39 http request GET https://registry.npmjs.org/smtplib
40 http 404 https://registry.npmjs.org/smtplib
41 verbose headers { 'content-type': 'application/json',
41 verbose headers   'cache-control': 'max-age=0',
41 verbose headers   'content-length': '2',
41 verbose headers   'accept-ranges': 'bytes',
41 verbose headers   date: 'Fri, 21 Apr 2017 05:48:30 GMT',
41 verbose headers   via: '1.1 varnish',
41 verbose headers   age: '0',
41 verbose headers   connection: 'keep-alive',
41 verbose headers   'x-served-by': 'cache-ord1733-ORD',
41 verbose headers   'x-cache': 'MISS',
41 verbose headers   'x-cache-hits': '0',
41 verbose headers   'x-timer': 'S1492753711.771345,VS0,VE162',
41 verbose headers   vary: 'Accept-Encoding' }
42 silly get cb [ 404,
42 silly get   { 'content-type': 'application/json',
42 silly get     'cache-control': 'max-age=0',
42 silly get     'content-length': '2',
42 silly get     'accept-ranges': 'bytes',
42 silly get     date: 'Fri, 21 Apr 2017 05:48:30 GMT',
42 silly get     via: '1.1 varnish',
42 silly get     age: '0',
42 silly get     connection: 'keep-alive',
42 silly get     'x-served-by': 'cache-ord1733-ORD',
42 silly get     'x-cache': 'MISS',
42 silly get     'x-cache-hits': '0',
42 silly get     'x-timer': 'S1492753711.771345,VS0,VE162',
42 silly get     vary: 'Accept-Encoding' } ]
43 verbose stack Error: Registry returned 404 for GET on https://registry.npmjs.org/smtplib
43 verbose stack     at makeError (/home/ubuntu/.nvm/versions/node/v4.7.3/lib/node_modules/npm/node_modules/npm-registry-client/lib/request.js:302:12)
43 verbose stack     at CachingRegistryClient.<anonymous> (/home/ubuntu/.nvm/versions/node/v4.7.3/lib/node_modules/npm/node_modules/npm-registry-client/lib/request.js:280:14)
43 verbose stack     at Request._callback (/home/ubuntu/.nvm/versions/node/v4.7.3/lib/node_modules/npm/node_modules/npm-registry-client/lib/request.js:210:14)
43 verbose stack     at Request.self.callback (/home/ubuntu/.nvm/versions/node/v4.7.3/lib/node_modules/npm/node_modules/request/request.js:187:22)
43 verbose stack     at emitTwo (events.js:87:13)
43 verbose stack     at Request.emit (events.js:172:7)
43 verbose stack     at Request.<anonymous> (/home/ubuntu/.nvm/versions/node/v4.7.3/lib/node_modules/npm/node_modules/request/request.js:1044:10)
43 verbose stack     at emitOne (events.js:77:13)
43 verbose stack     at Request.emit (events.js:169:7)
43 verbose stack     at IncomingMessage.<anonymous> (/home/ubuntu/.nvm/versions/node/v4.7.3/lib/node_modules/npm/node_modules/request/request.js:965:12)
44 verbose statusCode 404
45 verbose pkgid smtplib
46 verbose cwd /home/ubuntu/workspace/PokeGames
47 error Linux 4.9.17-c9
48 error argv "/home/ubuntu/.nvm/versions/node/v4.7.3/bin/node" "/home/ubuntu/.nvm/versions/node/v4.7.3/bin/npm" "install" "smtplib"
49 error node v4.7.3
50 error npm  v2.15.11
51 error code E404
52 error 404 Registry returned 404 for GET on https://registry.npmjs.org/smtplib
52 error 404
52 error 404 'smtplib' is not in the npm registry.
52 error 404 You should bug the author to publish it (or use the name yourself!)
52 error 404
52 error 404 Note that you can also install from a
52 error 404 tarball, folder, http url, or git url.
53 verbose exit [ 1, true ]
